2025-12-02 18:52:10, MOVE, v:1, k:poo@pagamento, mode:DOWN
2025-12-02 19:19:31, MOVE, v:1, k:poo@pagamento, mode:PICK
2025-12-02 19:19:32, EXEC, v:1, k:poo@pagamento, mode:LOCK, rate:100, size:13
2025-12-02 19:31:57, EXEC, v:1, k:poo@pagamento, mode:LOCK, rate:100, size:46
2025-12-02 19:31:57, EXEC, v:1, k:poo@pagamento, mode:LOCK, rate:100, size:46
2025-12-02 19:31:58, EXEC, v:1, k:poo@pagamento, mode:LOCK, rate:100, size:46
2025-12-02 19:31:58, EXEC, v:1, k:poo@pagamento, mode:LOCK, rate:100, size:46
2025-12-02 19:31:59, EXEC, v:1, k:poo@pagamento, mode:LOCK, rate:100, size:46
2025-12-02 19:32:03, EXEC, v:1, k:poo@pagamento, mode:FREE
2025-12-02 19:49:29, MOVE, v:1, k:poo@pagamento, mode:BACK
2025-12-02 19:49:33, MOVE, v:1, k:poo@pagamento, mode:PICK
2025-12-02 19:49:34, EXEC, v:1, k:poo@pagamento, mode:LOCK, rate:100, size:62
2025-12-02 19:49:35, EXEC, v:1, k:poo@pagamento, mode:LOCK, rate:100
2025-12-02 19:49:35, EXEC, v:1, k:poo@pagamento, mode:LOCK, rate:100
2025-12-02 19:49:35, EXEC, v:1, k:poo@pagamento, mode:LOCK, rate:100
2025-12-02 19:49:35, EXEC, v:1, k:poo@pagamento, mode:LOCK, rate:100
2025-12-02 19:49:36, EXEC, v:1, k:poo@pagamento, mode:LOCK, rate:100
2025-12-02 19:49:36, EXEC, v:1, k:poo@pagamento, mode:LOCK, rate:100
2025-12-02 19:49:36, EXEC, v:1, k:poo@pagamento, mode:LOCK, rate:100
2025-12-02 19:49:36, EXEC, v:1, k:poo@pagamento, mode:LOCK, rate:100
2025-12-02 19:49:37, EXEC, v:1, k:poo@pagamento, mode:FREE
2025-12-02 20:13:23, MOVE, v:1, k:poo@pagamento, mode:BACK
