2025-12-01 17:18:26, MOVE, v:1, k:poo@zoo, mode:DOWN
2025-12-01 17:20:15, MOVE, v:1, k:poo@zoo, mode:PICK
2025-12-01 17:20:16, EXEC, v:1, k:poo@zoo, mode:LOCK, rate:100, size:0
2025-12-01 17:20:21, MOVE, v:1, k:poo@zoo, mode:BACK
2025-12-01 17:26:57, MOVE, v:1, k:poo@zoo, mode:PICK
2025-12-01 17:26:59, EXEC, v:1, k:poo@zoo, mode:LOCK, rate:100
2025-12-01 17:27:01, EXEC, v:1, k:poo@zoo, mode:FREE
2025-12-01 18:34:44, MOVE, v:1, k:poo@zoo, mode:BACK
2025-12-01 18:51:44, MOVE, v:1, k:poo@zoo, mode:PICK
2025-12-01 18:51:44, EXEC, v:1, k:poo@zoo, mode:LOCK, rate:0, size:89
2025-12-01 18:51:48, MOVE, v:1, k:poo@zoo, mode:BACK
2025-12-01 18:52:47, MOVE, v:1, k:poo@zoo, mode:PICK
2025-12-01 18:52:48, EXEC, v:1, k:poo@zoo, mode:LOCK, rate:0
2025-12-01 18:53:36, EXEC, v:1, k:poo@zoo, mode:LOCK, rate:0
2025-12-01 18:53:36, EXEC, v:1, k:poo@zoo, mode:LOCK, rate:0
2025-12-01 18:53:37, EXEC, v:1, k:poo@zoo, mode:LOCK, rate:0
2025-12-01 18:53:37, EXEC, v:1, k:poo@zoo, mode:LOCK, rate:0
2025-12-01 18:53:37, EXEC, v:1, k:poo@zoo, mode:LOCK, rate:0
2025-12-01 18:53:37, EXEC, v:1, k:poo@zoo, mode:LOCK, rate:0
2025-12-01 18:53:37, EXEC, v:1, k:poo@zoo, mode:LOCK, rate:0
2025-12-01 18:53:37, EXEC, v:1, k:poo@zoo, mode:LOCK, rate:0
2025-12-01 18:53:38, EXEC, v:1, k:poo@zoo, mode:LOCK, rate:0
2025-12-01 18:53:38, EXEC, v:1, k:poo@zoo, mode:LOCK, rate:0
2025-12-01 18:53:38, EXEC, v:1, k:poo@zoo, mode:LOCK, rate:0
2025-12-01 18:53:38, EXEC, v:1, k:poo@zoo, mode:LOCK, rate:0
2025-12-01 18:53:38, EXEC, v:1, k:poo@zoo, mode:LOCK, rate:0
2025-12-01 18:58:31, EXEC, v:1, k:poo@zoo, mode:LOCK, rate:0, size:98
2025-12-01 18:59:15, EXEC, v:1, k:poo@zoo, mode:LOCK, rate:0, size:98
2025-12-01 18:59:45, EXEC, v:1, k:poo@zoo, mode:LOCK, rate:0, size:99
2025-12-01 18:59:53, EXEC, v:1, k:poo@zoo, mode:LOCK, rate:0, size:99
2025-12-01 19:06:57, EXEC, v:1, k:poo@zoo, mode:LOCK, rate:0, size:110
2025-12-01 19:10:02, EXEC, v:1, k:poo@zoo, mode:LOCK, rate:0, size:110
2025-12-01 19:10:09, EXEC, v:1, k:poo@zoo, mode:LOCK, rate:0, size:110
2025-12-01 19:10:16, EXEC, v:1, k:poo@zoo, mode:LOCK, rate:0, size:110
2025-12-01 19:11:42, EXEC, v:1, k:poo@zoo, mode:LOCK, rate:0, size:101
2025-12-01 19:11:53, EXEC, v:1, k:poo@zoo, mode:LOCK, rate:0, size:98
2025-12-01 19:14:21, EXEC, v:1, k:poo@zoo, mode:LOCK, rate:0, size:109
2025-12-01 19:19:32, MOVE, v:1, k:poo@zoo, mode:BACK
2025-12-01 19:20:16, MOVE, v:1, k:poo@zoo, mode:PICK
2025-12-01 19:20:17, EXEC, v:1, k:poo@zoo, mode:LOCK, rate:0, size:111
2025-12-01 19:24:20, EXEC, v:1, k:poo@zoo, mode:LOCK, rate:0, size:122
2025-12-01 19:26:43, EXEC, v:1, k:poo@zoo, mode:LOCK, rate:0, size:133
2025-12-01 19:29:33, EXEC, v:1, k:poo@zoo, mode:LOCK, rate:0
2025-12-01 19:36:20, EXEC, v:1, k:poo@zoo, mode:LOCK, rate:0, size:135
2025-12-01 19:41:01, EXEC, v:1, k:poo@zoo, mode:LOCK, rate:0, size:144
2025-12-01 19:41:43, MOVE, v:1, k:poo@zoo, mode:BACK
2025-12-01 19:42:54, SELF, v:1, k:poo@zoo, rate:100, human:sim, guide:sim, alone:10, study:120
2025-12-01 19:47:32, MOVE, v:1, k:poo@zoo, mode:PICK
2025-12-01 19:47:33, EXEC, v:1, k:poo@zoo, mode:LOCK, rate:0
2025-12-01 19:47:34, EXEC, v:1, k:poo@zoo, mode:LOCK, rate:0
2025-12-01 19:48:28, EXEC, v:1, k:poo@zoo, mode:LOCK, rate:0
2025-12-01 19:51:48, MOVE, v:1, k:poo@zoo, mode:BACK
2025-12-01 19:52:31, MOVE, v:1, k:poo@zoo, mode:PICK
2025-12-01 19:52:32, EXEC, v:1, k:poo@zoo, mode:LOCK, rate:0
2025-12-01 21:35:58, MOVE, v:1, k:poo@zoo, mode:PICK
2025-12-01 21:35:59, EXEC, v:1, k:poo@zoo, mode:LOCK, rate:0
2025-12-01 21:37:03, MOVE, v:1, k:poo@zoo, mode:BACK
